<?xml version="1.0" encoding="UTF-8"?>
<!-- Generated by org.testng.reporters.JUnitXMLReporter -->
<testsuite ignored="0" hostname="DESKTOP-8OK2GE3" failures="0" tests="5" name="Test" time="28.118" errors="0" timestamp="2022-07-26T23:57:36 EDT">
  <testcase classname="craftsoftware.New_test" name="aLanding_test" time="0.295"/>
  <testcase classname="craftsoftware.New_test" name="bRegistration_test" time="0.721"/>
  <testcase classname="craftsoftware.New_test" name="clogin_test" time="7.989"/>
  <testcase classname="craftsoftware.New_test" name="dproduct_test" time="12.007"/>
  <testcase classname="craftsoftware.New_test" name="ecart_test" time="1.317"/>
</testsuite> <!-- Test -->
