<?xml version="1.0" encoding="UTF-8"?>
<testng-results ignored="0" total="5" passed="5" failed="0" skipped="0">
  <reporter-output>
  </reporter-output>
  <suite started-at="2022-07-26T23:57:08 EDT" name="Suite" finished-at="2022-07-26T23:57:36 EDT" duration-ms="28118">
    <groups>
    </groups>
    <test started-at="2022-07-26T23:57:08 EDT" name="Test" finished-at="2022-07-26T23:57:36 EDT" duration-ms="28118">
      <class name="craftsoftware.New_test">
        <test-method is-config="true" signature="browserapplication()[pri:0, instance:craftsoftware.New_test@1c7696c6]" started-at="2022-07-26T23:57:08 EDT" name="browserapplication" finished-at="2022-07-26T23:57:13 EDT" duration-ms="5538" status="PASS">
          <reporter-output>
          </reporter-output>
        </test-method> <!-- browserapplication -->
        <test-method signature="aLanding_test()[pri:0, instance:craftsoftware.New_test@1c7696c6]" started-at="2022-07-26T23:57:13 EDT" name="aLanding_test" finished-at="2022-07-26T23:57:13 EDT" duration-ms="295" status="PASS">
          <reporter-output>
          </reporter-output>
        </test-method> <!-- aLanding_test -->
        <test-method signature="bRegistration_test()[pri:0, instance:craftsoftware.New_test@1c7696c6]" started-at="2022-07-26T23:57:13 EDT" name="bRegistration_test" finished-at="2022-07-26T23:57:14 EDT" duration-ms="721" status="PASS">
          <reporter-output>
          </reporter-output>
        </test-method> <!-- bRegistration_test -->
        <test-method signature="clogin_test()[pri:0, instance:craftsoftware.New_test@1c7696c6]" started-at="2022-07-26T23:57:14 EDT" name="clogin_test" finished-at="2022-07-26T23:57:22 EDT" duration-ms="7989" status="PASS">
          <reporter-output>
          </reporter-output>
        </test-method> <!-- clogin_test -->
        <test-method signature="dproduct_test()[pri:0, instance:craftsoftware.New_test@1c7696c6]" started-at="2022-07-26T23:57:22 EDT" name="dproduct_test" finished-at="2022-07-26T23:57:34 EDT" duration-ms="12007" status="PASS">
          <reporter-output>
          </reporter-output>
        </test-method> <!-- dproduct_test -->
        <test-method signature="ecart_test()[pri:0, instance:craftsoftware.New_test@1c7696c6]" started-at="2022-07-26T23:57:34 EDT" name="ecart_test" finished-at="2022-07-26T23:57:36 EDT" duration-ms="1317" status="PASS">
          <reporter-output>
          </reporter-output>
        </test-method> <!-- ecart_test -->
        <test-method is-config="true" signature="terminate_browser()[pri:0, instance:craftsoftware.New_test@1c7696c6]" started-at="2022-07-26T23:57:36 EDT" name="terminate_browser" finished-at="2022-07-26T23:57:36 EDT" duration-ms="131" status="PASS">
          <reporter-output>
          </reporter-output>
        </test-method> <!-- terminate_browser -->
      </class> <!-- craftsoftware.New_test -->
    </test> <!-- Test -->
  </suite> <!-- Suite -->
</testng-results>
