<?xml version="1.0" encoding="UTF-8"?>
<!-- Generated by org.testng.reporters.JUnitXMLReporter -->
<testsuite ignored="0" hostname="DESKTOP-8OK2GE3" failures="0" tests="5" name="Default test" time="25.596" errors="0" timestamp="2022-07-26T23:49:09 EDT">
  <testcase classname="craftsoftware.New_test" name="aLanding_test" time="0.349"/>
  <testcase classname="craftsoftware.New_test" name="bRegistration_test" time="0.705"/>
  <testcase classname="craftsoftware.New_test" name="clogin_test" time="6.114"/>
  <testcase classname="craftsoftware.New_test" name="dproduct_test" time="11.581"/>
  <testcase classname="craftsoftware.New_test" name="ecart_test" time="0.83"/>
</testsuite> <!-- Default test -->
